<?xml version="1.0" encoding="UTF-8"?>
<!-- Generated by org.testng.reporters.JUnitReportReporter -->
<testsuite hostname="Sarvesh" failures="0" tests="1" name="DemoTesting.Flipkart.TestFlip" time="8.379" errors="0" timestamp="09 Jun 2023 10:09:03 GMT" skipped="0">
  <testcase classname="DemoTesting.Flipkart.TestFlip" name="Scenario" time="8.379"/>
</testsuite> <!-- DemoTesting.Flipkart.TestFlip -->
